<?xml version="1.0" encoding="UTF-8"?>
<!-- Generated by org.testng.reporters.JUnitReportReporter -->
<testsuite hostname="Lenovo-PC" name="com.selenium.generalInfoTest" tests="1" failures="0" timestamp="5 Jun 2019 18:05:25 GMT" time="17.111" errors="0">
  <testcase name="seeGeneralInformation" time="17.111" classname="com.selenium.generalInfoTest"/>
</testsuite> <!-- com.selenium.generalInfoTest -->
