<?xml version="1.0" encoding="UTF-8"?>
<!-- Generated by org.testng.reporters.JUnitReportReporter -->
<testsuite hostname="Lenovo-PC" name="com.selenium.dashboardMouseOver" tests="1" failures="0" timestamp="5 Jun 2019 19:26:39 GMT" time="15.958" errors="0">
  <testcase name="mouseOver" time="15.958" classname="com.selenium.dashboardMouseOver"/>
</testsuite> <!-- com.selenium.dashboardMouseOver -->
